[neobundle/install] (1/1): |vim-yankstack| git clone --depth 1 git://github.com/maxbrunsfeld/vim-yankstack.git "/Users/smckinney/.vim/bundle/vim-yankstack"
[neobundle/install] (1/1): |vim-yankstack| Updated
[neobundle/install]  -> 73f45b55e8ab238f4e6c59804d9d027522b2b6dc
[neobundle/install] Installed/Updated bundles:
vim-yankstack
[neobundle/install] Helptags: done. 1 bundles processed
[neobundle/install] (1/1): |vim-unimpaired| git clone --depth 1 git://github.com/tpope/vim-unimpaired.git "/Users/smckinney/.vim/bundle/vim-unimpaired"
[neobundle/install] (1/1): |vim-unimpaired| Updated
[neobundle/install]  -> 9507b80198acd1dd5da10fb01f69fa735c163800
[neobundle/install] Installed/Updated bundles:
vim-unimpaired
[neobundle/install] Helptags: done. 1 bundles processed
[neobundle/install] ( 1/70): |ack.vim| git pull --rebase
[neobundle/install] ( 2/70): |BufOnly.vim| git pull --rebase
[neobundle/install] ( 3/70): |cheat_sheet| Skipped
[neobundle/install] ( 4/70): |Command-T| git pull --rebase
[neobundle/install] ( 5/70): |ctrlp.vim| git pull --rebase
[neobundle/install] ( 6/70): |gist-vim| git pull --rebase
[neobundle/install] ( 1/70): |ack.vim| Updated
[neobundle/install] * e93f693 [5 hours ago] Revert "enqoute the grep args"
[neobundle/install] * 132ee41 [3 days ago] Merge pull request #55 from blandinw/patch-1
[neobundle/install] * 973deb3 [3 days ago] fix typo (when applying quickfix mappings)
[neobundle/install] ( 2/70): |BufOnly.vim| Skipped
[neobundle/install] ( 4/70): |Command-T| Skipped
[neobundle/install] ( 5/70): |ctrlp.vim| Updated
[neobundle/install] * f1acbbc [2 days ago] Further reduce MRU saving
[neobundle/install] * f9ada48 [5 days ago] Allow x_func options to be defined using dict functions
[neobundle/install] * 4f7d0a3 [7 days ago] Add an option for saving the MRU list on every update
[neobundle/install] ( 6/70): |gist-vim| Skipped
[neobundle/install] ( 7/70): |gitv| git pull --rebase
[neobundle/install] ( 8/70): |gundo.vim| git pull --rebase
[neobundle/install] ( 9/70): |neobundle.vim| git pull --rebase
[neobundle/install] (10/70): |nerdcommenter| git pull --rebase
[neobundle/install] (11/70): |nerdtree| git pull --rebase
[neobundle/install] ( 7/70): |gitv| Skipped
[neobundle/install] ( 8/70): |gundo.vim| Skipped
[neobundle/install] ( 9/70): |neobundle.vim| Error
[neobundle/install] (10/70): |nerdcommenter| Skipped
[neobundle/install] (11/70): |nerdtree| Skipped
[neobundle/install] (12/70): |NrrwRgn| git pull --rebase
[neobundle/install] (13/70): |puppet-vim| git pull --rebase
[neobundle/install] (14/70): |QFixToggle| git pull --rebase
[neobundle/install] (15/70): |Rename2| git pull --rebase
[neobundle/install] (16/70): |ri.vim| git pull --rebase
[neobundle/install] (12/70): |NrrwRgn| Skipped
[neobundle/install] (13/70): |puppet-vim| Skipped
[neobundle/install] (14/70): |QFixToggle| Skipped
[neobundle/install] (15/70): |Rename2| Skipped
[neobundle/install] (16/70): |ri.vim| Skipped
[neobundle/install] (17/70): |scratch.vim| git pull --rebase
[neobundle/install] (18/70): |scss-syntax.vim| git pull --rebase
[neobundle/install] (19/70): |showmarks| git pull --rebase
[neobundle/install] (20/70): |supertab| git pull --rebase
[neobundle/install] (21/70): |syntastic| git pull --rebase
[neobundle/install] (17/70): |scratch.vim| Skipped
[neobundle/install] (18/70): |scss-syntax.vim| Skipped
[neobundle/install] (19/70): |showmarks| Skipped
[neobundle/install] (20/70): |supertab| Skipped
[neobundle/install] (21/70): |syntastic| Skipped
[neobundle/install] (22/70): |tabular| git pull --rebase
[neobundle/install] (23/70): |tagbar| git pull --rebase
[neobundle/install] (24/70): |textile.vim| git pull --rebase
[neobundle/install] (25/70): |tmux.vim| git pull --rebase
[neobundle/install] (26/70): |tslime.vim| git pull --rebase
[neobundle/install] (22/70): |tabular| Skipped
[neobundle/install] (23/70): |tagbar| Skipped
[neobundle/install] (24/70): |textile.vim| Skipped
[neobundle/install] (25/70): |tmux.vim| Skipped
[neobundle/install] (26/70): |tslime.vim| Skipped
[neobundle/install] (27/70): |ultisnips| git pull --rebase
[neobundle/install] (28/70): |ultisnips-snippets| git pull --rebase
[neobundle/install] (29/70): |vim-bundler| git pull --rebase
[neobundle/install] (30/70): |vim-capybara| git pull --rebase
[neobundle/install] (31/70): |vim-coffee-script| git pull --rebase
[neobundle/install] (27/70): |ultisnips| Updated
[neobundle/install] * 4c068bd [7 hours ago] New snippet option to strip whitespaces in front of cursor. Patch by aschrab
[neobundle/install] *   d4f4c71 [7 hours ago] Merge remote-tracking branch 'aschrab/trailing' into trailing
[neobundle/install] |\  
[neobundle/install] | * 3a4991f [3 days ago] Add option for stripping of trailing whitespace
[neobundle/install] | * d4d1e86 [3 days ago] Make Snippet object available to SnippetInstance
[neobundle/install] | * 18b081b [3 days ago] Add has_option method to Snippet class
[neobundle/install] | * a6171d0 [3 days ago] Avoid repetition in creating SnippetInstance
[neobundle/install] * | f81cc7a [2 days ago] Fixed pythons rwprop snippet.
[neobundle/install] |/  
[neobundle/install] * 54d917d [3 days ago] Fixes and improvements to snipmate conversion util by Steve McKinney
[neobundle/install] (28/70): |ultisnips-snippets| Error
[neobundle/install] (29/70): |vim-bundler| Updated
[neobundle/install] * 054374a [2 days ago] Fix gem discovery
[neobundle/install] * 8e2bc63 [8 days ago] Fix incorrect variable reference
[neobundle/install] (30/70): |vim-capybara| Skipped
[neobundle/install] (31/70): |vim-coffee-script| Skipped
[neobundle/install] (32/70): |vim-colors-solarized| git pull --rebase
[neobundle/install] (33/70): |vim-cucumber| git pull --rebase
[neobundle/install] (34/70): |vim-dochub| git pull --rebase
[neobundle/install] (35/70): |vim-endwise| git pull --rebase
[neobundle/install] (36/70): |vim-fugitive| git pull --rebase
[neobundle/install] (32/70): |vim-colors-solarized| Skipped
[neobundle/install] (33/70): |vim-cucumber| Skipped
[neobundle/install] (34/70): |vim-dochub| Skipped
[neobundle/install] (35/70): |vim-endwise| Skipped
[neobundle/install] (36/70): |vim-fugitive| Skipped
[neobundle/install] (37/70): |vim-git| git pull --rebase
[neobundle/install] (38/70): |vim-haml| git pull --rebase
[neobundle/install] (39/70): |vim-indent-guides| git pull --rebase
[neobundle/install] (40/70): |vim-indent-object| git pull --rebase
[neobundle/install] (41/70): |vim-irblack| git pull --rebase
[neobundle/install] (37/70): |vim-git| Skipped
[neobundle/install] (38/70): |vim-haml| Skipped
[neobundle/install] (39/70): |vim-indent-guides| Skipped
[neobundle/install] (40/70): |vim-indent-object| Skipped
[neobundle/install] (41/70): |vim-irblack| Skipped
[neobundle/install] (42/70): |vim-javascript| git pull --rebase
[neobundle/install] (43/70): |vim-jquery| git pull --rebase
[neobundle/install] (44/70): |vim-less| git pull --rebase
[neobundle/install] (45/70): |vim-markdown| git pull --rebase
[neobundle/install] (46/70): |vim-markdown-folding| git pull --rebase
[neobundle/install] (42/70): |vim-javascript| Skipped
[neobundle/install] (43/70): |vim-jquery| Skipped
[neobundle/install] (44/70): |vim-less| Skipped
[neobundle/install] (45/70): |vim-markdown| Skipped
[neobundle/install] (46/70): |vim-markdown-folding| Updated
[neobundle/install] * 9da5e0d [3 hours ago] Create README for test directory
[neobundle/install] * 2ec62b9 [8 days ago] Add installation notes to README
[neobundle/install] (47/70): |vim-matchit| git pull --rebase
[neobundle/install] (48/70): |vim-powerline| git pull --rebase
[neobundle/install] (49/70): |vim-rails| git pull --rebase
[neobundle/install] (50/70): |vim-repeat| git pull --rebase
[neobundle/install] (51/70): |vim-rhubarb| git pull --rebase
[neobundle/install] (47/70): |vim-matchit| Skipped
[neobundle/install] (48/70): |vim-powerline| Skipped
[neobundle/install] (49/70): |vim-rails| Skipped
[neobundle/install] (50/70): |vim-repeat| Skipped
[neobundle/install] (51/70): |vim-rhubarb| Skipped
[neobundle/install] (52/70): |vim-rspec| git pull --rebase
[neobundle/install] (53/70): |vim-ruby| git pull --rebase
[neobundle/install] (54/70): |vim-ruby-doc| git pull --rebase
[neobundle/install] (55/70): |vim-ruby-minitest| git pull --rebase
[neobundle/install] (56/70): |vim-ruby-refactoring| git pull --rebase
[neobundle/install] (52/70): |vim-rspec| Skipped
[neobundle/install] (53/70): |vim-ruby| Updated
[neobundle/install] * c61accb [2 days ago] Matchgroup for curly braces
[neobundle/install] * 4f1519e [3 days ago] Merge pull request #114 from Nordstrom/master
[neobundle/install] * 79dd611 [7 days ago] Add Cheffile and Berksfile to ftdetect
[neobundle/install] (54/70): |vim-ruby-doc| Skipped
[neobundle/install] (55/70): |vim-ruby-minitest| Skipped
[neobundle/install] (56/70): |vim-ruby-refactoring| Skipped
[neobundle/install] (57/70): |vim-rvm| git pull --rebase
[neobundle/install] (58/70): |vim-shoulda| git pull --rebase
[neobundle/install] (59/70): |vim-solarized-powerline| git pull --rebase
[neobundle/install] (60/70): |vim-sparkup| git pull --rebase
[neobundle/install] (61/70): |vim-surround| git pull --rebase
[neobundle/install] (57/70): |vim-rvm| Skipped
[neobundle/install] (58/70): |vim-shoulda| Skipped
[neobundle/install] (59/70): |vim-solarized-powerline| Skipped
[neobundle/install] (60/70): |vim-sparkup| Skipped
[neobundle/install] (61/70): |vim-surround| Skipped
[neobundle/install] (62/70): |vim-textobj-rubyblock| git pull --rebase
[neobundle/install] (63/70): |vim-textobj-user| git pull --rebase
[neobundle/install] (64/70): |vim-tomorrow-theme| git pull --rebase
[neobundle/install] (65/70): |vim-turbux| git pull --rebase
[neobundle/install] (66/70): |vim-unimpaired| git pull --rebase
[neobundle/install] (62/70): |vim-textobj-rubyblock| Skipped
[neobundle/install] (63/70): |vim-textobj-user| Skipped
[neobundle/install] (64/70): |vim-tomorrow-theme| Skipped
[neobundle/install] (65/70): |vim-turbux| Skipped
[neobundle/install] (66/70): |vim-unimpaired| Skipped
[neobundle/install] (67/70): |vim-vividchalk| git pull --rebase
[neobundle/install] (68/70): |vim-yankstack| git pull --rebase
[neobundle/install] (69/70): |webapi-vim| git pull --rebase
[neobundle/install] (70/70): |ZoomWin| git pull --rebase
[neobundle/install] (67/70): |vim-vividchalk| Skipped
[neobundle/install] (68/70): |vim-yankstack| Skipped
[neobundle/install] (69/70): |webapi-vim| Skipped
[neobundle/install] (70/70): |ZoomWin| Skipped
[neobundle/install] Installed/Updated bundles:
ack.vim
ctrlp.vim
ultisnips
vim-bundler
vim-markdown-folding
vim-ruby
[neobundle/install] Errored bundles:
neobundle.vim ultisnips-snippets
Please read error message log by :message command.
[neobundle/install] Helptags: done. 6 bundles processed
[neobundle/install] ( 1/69): |ack.vim| git pull --rebase
[neobundle/install] ( 2/69): |BufOnly.vim| git pull --rebase
[neobundle/install] ( 3/69): |cheat_sheet| Skipped
[neobundle/install] ( 4/69): |Command-T| git pull --rebase
[neobundle/install] ( 5/69): |ctrlp.vim| git pull --rebase
[neobundle/install] ( 6/69): |gist-vim| git pull --rebase
[neobundle/install] ( 1/69): |ack.vim| Skipped
[neobundle/install] ( 2/69): |BufOnly.vim| Skipped
[neobundle/install] ( 4/69): |Command-T| Skipped
[neobundle/install] ( 5/69): |ctrlp.vim| Skipped
[neobundle/install] ( 6/69): |gist-vim| Skipped
[neobundle/install] ( 7/69): |gitv| git pull --rebase
[neobundle/install] ( 8/69): |gundo.vim| git pull --rebase
[neobundle/install] ( 9/69): |neobundle.vim| git pull --rebase
[neobundle/install] (10/69): |nerdcommenter| git pull --rebase
[neobundle/install] (11/69): |nerdtree| git pull --rebase
[neobundle/install] ( 7/69): |gitv| Skipped
[neobundle/install] ( 8/69): |gundo.vim| Skipped
[neobundle/install] ( 9/69): |neobundle.vim| Updated
[neobundle/install] * 9a58452 [31 minutes ago] - Fixed clear log behavior.
[neobundle/install] * 13b6135 [12 days ago] - Added :NeoBundleDocs documentation.
[neobundle/install] (10/69): |nerdcommenter| Skipped
[neobundle/install] (11/69): |nerdtree| Skipped
[neobundle/install] (12/69): |NrrwRgn| git pull --rebase
[neobundle/install] (13/69): |puppet-vim| git pull --rebase
[neobundle/install] (14/69): |QFixToggle| git pull --rebase
[neobundle/install] (15/69): |Rename2| git pull --rebase
[neobundle/install] (16/69): |ri.vim| git pull --rebase
[neobundle/install] (12/69): |NrrwRgn| Updated
[neobundle/install] * aaeb686 [23 hours ago] Fix error, when using :NRL without having narrowed something before
[neobundle/install] * 698e0c3 [3 months ago] reformated overlong lines
[neobundle/install] (13/69): |puppet-vim| Skipped
[neobundle/install] (14/69): |QFixToggle| Skipped
[neobundle/install] (15/69): |Rename2| Skipped
[neobundle/install] (16/69): |ri.vim| Skipped
[neobundle/install] (17/69): |scratch.vim| git pull --rebase
[neobundle/install] (18/69): |scss-syntax.vim| git pull --rebase
[neobundle/install] (19/69): |showmarks| git pull --rebase
[neobundle/install] (20/69): |supertab| git pull --rebase
[neobundle/install] (21/69): |syntastic| git pull --rebase
[neobundle/install] (17/69): |scratch.vim| Skipped
[neobundle/install] (18/69): |scss-syntax.vim| Skipped
[neobundle/install] (19/69): |showmarks| Skipped
[neobundle/install] (20/69): |supertab| Skipped
[neobundle/install] (21/69): |syntastic| Skipped
[neobundle/install] (22/69): |tabular| git pull --rebase
[neobundle/install] (23/69): |tagbar| git pull --rebase
[neobundle/install] (24/69): |textile.vim| git pull --rebase
[neobundle/install] (25/69): |tmux.vim| git pull --rebase
[neobundle/install] (26/69): |tslime.vim| git pull --rebase
[neobundle/install] (22/69): |tabular| Skipped
[neobundle/install] (23/69): |tagbar| Skipped
[neobundle/install] (24/69): |textile.vim| Skipped
[neobundle/install] (25/69): |tmux.vim| Skipped
[neobundle/install] (26/69): |tslime.vim| Skipped
[neobundle/install] (27/69): |ultisnips| git pull --rebase
[neobundle/install] (28/69): |ultisnips-snippets| git pull --rebase
[neobundle/install] (29/69): |vim-bundler| git pull --rebase
[neobundle/install] (30/69): |vim-capybara| git pull --rebase
[neobundle/install] (31/69): |vim-coffee-script| git pull --rebase
[neobundle/install] (27/69): |ultisnips| Skipped
[neobundle/install] (28/69): |ultisnips-snippets| Error
[neobundle/install] (29/69): |vim-bundler| Skipped
[neobundle/install] (30/69): |vim-capybara| Skipped
[neobundle/install] (31/69): |vim-coffee-script| Skipped
[neobundle/install] (32/69): |vim-colors-solarized| git pull --rebase
[neobundle/install] (33/69): |vim-cucumber| git pull --rebase
[neobundle/install] (34/69): |vim-dochub| git pull --rebase
[neobundle/install] (35/69): |vim-endwise| git pull --rebase
[neobundle/install] (36/69): |vim-fugitive| git pull --rebase
[neobundle/install] (32/69): |vim-colors-solarized| Skipped
[neobundle/install] (33/69): |vim-cucumber| Skipped
[neobundle/install] (34/69): |vim-dochub| Skipped
[neobundle/install] (35/69): |vim-endwise| Updated
[neobundle/install] * a45d4a6 [35 hours ago] Fix detection of #endif
[neobundle/install] * 498f566 [35 hours ago] Add xdefaults to preprocessor support
[neobundle/install] * 11be5c9 [35 hours ago] Add C and C++ PreProcessor support
[neobundle/install] * f664ebd [35 hours ago] Fix remap issue
[neobundle/install] * 33f9ee0 [2 months ago] Add `g:endwise_no_mappings` to allow skipping maps
[neobundle/install] (36/69): |vim-fugitive| Skipped
[neobundle/install] (37/69): |vim-git| git pull --rebase
[neobundle/install] (38/69): |vim-haml| git pull --rebase
[neobundle/install] (39/69): |vim-indent-guides| git pull --rebase
[neobundle/install] (40/69): |vim-indent-object| git pull --rebase
[neobundle/install] (41/69): |vim-irblack| git pull --rebase
[neobundle/install] (37/69): |vim-git| Skipped
[neobundle/install] (38/69): |vim-haml| Skipped
[neobundle/install] (39/69): |vim-indent-guides| Skipped
[neobundle/install] (40/69): |vim-indent-object| Skipped
[neobundle/install] (41/69): |vim-irblack| Skipped
[neobundle/install] (42/69): |vim-javascript| git pull --rebase
[neobundle/install] (43/69): |vim-jquery| git pull --rebase
[neobundle/install] (44/69): |vim-less| git pull --rebase
[neobundle/install] (45/69): |vim-markdown| git pull --rebase
[neobundle/install] (46/69): |vim-markdown-folding| git pull --rebase
[neobundle/install] (42/69): |vim-javascript| Skipped
[neobundle/install] (43/69): |vim-jquery| Skipped
[neobundle/install] (44/69): |vim-less| Skipped
[neobundle/install] (45/69): |vim-markdown| Skipped
[neobundle/install] (46/69): |vim-markdown-folding| Skipped
[neobundle/install] (47/69): |vim-matchit| git pull --rebase
[neobundle/install] (48/69): |vim-powerline| git pull --rebase
[neobundle/install] (49/69): |vim-rails| git pull --rebase
[neobundle/install] (50/69): |vim-repeat| git pull --rebase
[neobundle/install] (51/69): |vim-rhubarb| git pull --rebase
[neobundle/install] (47/69): |vim-matchit| Skipped
[neobundle/install] (48/69): |vim-powerline| Skipped
[neobundle/install] (49/69): |vim-rails| Skipped
[neobundle/install] (50/69): |vim-repeat| Skipped
[neobundle/install] (51/69): |vim-rhubarb| Skipped
[neobundle/install] (52/69): |vim-rspec| git pull --rebase
[neobundle/install] (53/69): |vim-ruby| git pull --rebase
[neobundle/install] (54/69): |vim-ruby-doc| git pull --rebase
[neobundle/install] (55/69): |vim-ruby-minitest| git pull --rebase
[neobundle/install] (56/69): |vim-ruby-refactoring| git pull --rebase
[neobundle/install] (52/69): |vim-rspec| Skipped
[neobundle/install] (53/69): |vim-ruby| Skipped
[neobundle/install] (54/69): |vim-ruby-doc| Skipped
[neobundle/install] (55/69): |vim-ruby-minitest| Skipped
[neobundle/install] (56/69): |vim-ruby-refactoring| Skipped
[neobundle/install] (57/69): |vim-rvm| git pull --rebase
[neobundle/install] (58/69): |vim-shoulda| git pull --rebase
[neobundle/install] (59/69): |vim-solarized-powerline| git pull --rebase
[neobundle/install] (60/69): |vim-sparkup| git pull --rebase
[neobundle/install] (61/69): |vim-surround| git pull --rebase
[neobundle/install] (57/69): |vim-rvm| Skipped
[neobundle/install] (58/69): |vim-shoulda| Skipped
[neobundle/install] (59/69): |vim-solarized-powerline| Skipped
[neobundle/install] (60/69): |vim-sparkup| Skipped
[neobundle/install] (61/69): |vim-surround| Skipped
[neobundle/install] (62/69): |vim-textobj-rubyblock| git pull --rebase
[neobundle/install] (63/69): |vim-textobj-user| git pull --rebase
[neobundle/install] (64/69): |vim-tomorrow-theme| git pull --rebase
[neobundle/install] (65/69): |vim-turbux| git pull --rebase
[neobundle/install] (66/69): |vim-vividchalk| git pull --rebase
[neobundle/install] (62/69): |vim-textobj-rubyblock| Skipped
[neobundle/install] (63/69): |vim-textobj-user| Skipped
[neobundle/install] (64/69): |vim-tomorrow-theme| Skipped
[neobundle/install] (65/69): |vim-turbux| Skipped
[neobundle/install] (66/69): |vim-vividchalk| Skipped
[neobundle/install] (67/69): |vim-yankstack| git pull --rebase
[neobundle/install] (68/69): |webapi-vim| git pull --rebase
[neobundle/install] (69/69): |ZoomWin| git pull --rebase
[neobundle/install] (67/69): |vim-yankstack| Skipped
[neobundle/install] (68/69): |webapi-vim| Skipped
[neobundle/install] (69/69): |ZoomWin| Skipped
[neobundle/install] Installed/Updated bundles:
neobundle.vim
NrrwRgn
vim-endwise
[neobundle/install] Errored bundles:
ultisnips-snippets
Please read error message log by :message command.
[neobundle/install] Helptags: done. 2 bundles processed
[neobundle/install] (1/1): |vimux| git clone --depth 1 git://github.com/benmills/vimux.git "/Users/smckinney/.vim/bundle/vimux"
[neobundle/install] (1/1): |vimux| Updated
[neobundle/install]  -> d6d88a4fce39f856d46b86e3fcd46f5dbbdd9035
[neobundle/install] Installed/Updated bundles:
vimux
[neobundle/install] Helptags: done. 1 bundles processed
